2024-06-22 09:30:56.401 [info] 2024-06-22T04:00:56.354Z extension INFO  Activating extension... [
  {
    id: 'mongodb.mongodb-vscode',
    version: '1.6.0',
    mode: 'Production',
    kind: 'UI',
    extensionPath: '/home/thanush/.vscode-oss/extensions/mongodb.mongodb-vscode-1.6.0-universal',
    logPath: '/home/thanush/.config/Code - OSS/logs/20240622T091015/window1/exthost/mongodb.mongodb-vscode',
    workspaceStoragePath: '/home/thanush/.config/Code - OSS/User/workspaceStorage/1b31441799743cd43ac8a036bafe493e/mongodb.mongodb-vscode',
    globalStoragePath: '/home/thanush/.config/Code - OSS/User/globalStorage/mongodb.mongodb-vscode',
    defaultConnectionSavingLocation: 'Global',
    buildInfo: {
      nodeVersion: 'v20.9.0',
      runtimePlatform: 'linux',
      runtimeArch: 'x64'
    }
  }
]

2024-06-22 09:30:56.401 [info] 2024-06-22T04:00:56.356Z telemetry INFO  SegmentKey was found [ { type: 'string' } ]

2024-06-22 09:30:56.401 [info] 2024-06-22T04:00:56.357Z language server controller INFO  Creating MongoDB Language Server... [
  {
    extensionPath: '/home/thanush/.vscode-oss/extensions/mongodb.mongodb-vscode-1.6.0-universal',
    languageServer: {
      id: 'mongodbLanguageServer',
      name: 'MongoDB Language Server',
      path: '/home/thanush/.vscode-oss/extensions/mongodb.mongodb-vscode-1.6.0-universal/dist/languageServer.js',
      documentSelector: '[{"pattern":"**/*.mongodb.js"},{"pattern":"**/*.mongodb"}]'
    }
  }
]

2024-06-22 09:30:56.401 [info] 2024-06-22T04:00:56.369Z telemetry INFO  Segment analytics activated [ { anonymousId: '921b8bdc-65bf-49cc-af5f-a9954323bd6b' } ]

2024-06-22 09:30:56.401 [info] 2024-06-22T04:00:56.371Z language server controller INFO  Starting the language server... []

2024-06-22 09:30:56.845 [info] 2024-06-22T04:00:56.842Z webview controller INFO  Opening webview... []

2024-06-22 09:30:56.847 [info] 2024-06-22T04:00:56.846Z language server controller INFO  MongoDBService initialized. Sending default settings... {"extensionPath":"/home/thanush/.vscode-oss/extensions/mongodb.mongodb-vscode-1.6.0-universal","connectionId":null,"hasConnectionString":false,"hasConnectionOptions":false} []

2024-06-22 09:31:08.678 [info] 2024-06-22T04:01:08.678Z telemetry INFO  Telemetry sent [
  {
    anonymousId: '921b8bdc-65bf-49cc-af5f-a9954323bd6b',
    event: 'Command Run',
    properties: { command: 'mdb.openOverviewPage', extension_version: '1.6.0' }
  }
]

2024-06-22 09:32:29.428 [info] 2024-06-22T04:02:29.419Z extension INFO  Deactivating extension... []

2024-06-22 09:32:29.428 [info] 2024-06-22T04:02:29.419Z connection controller INFO  Disconnect called, currently connected to [ null ]

2024-06-22 09:32:29.428 [info] 2024-06-22T04:02:29.420Z language server controller INFO  Changing MongoDBService active connection... [ { connectionId: null } ]

2024-06-22 09:32:29.428 [info] 2024-06-22T04:02:29.425Z connection controller INFO  Disconnect called, currently connected to [ null ]

2024-06-22 09:32:29.428 [info] 2024-06-22T04:02:29.426Z language server controller INFO  Changing MongoDBService active connection... [ { connectionId: null } ]

2024-06-22 09:32:29.429 [info] 2024-06-22T04:02:29.428Z language server controller INFO  Deactivating the language server... []

2024-06-22 09:32:29.429 [info] 2024-06-22T04:02:29.428Z language server controller INFO  Deactivating the language server... []

