2024-06-27 16:16:23.216 [info] 2024-06-27T10:46:22.947Z extension INFO  Activating extension... [
  {
    id: 'mongodb.mongodb-vscode',
    version: '1.6.0',
    mode: 'Production',
    kind: 'UI',
    extensionPath: '/home/thanush/.vscode-oss/extensions/mongodb.mongodb-vscode-1.6.0-universal',
    logPath: '/home/thanush/.config/Code - OSS/logs/20240627T161620/window1/exthost/mongodb.mongodb-vscode',
    workspaceStoragePath: '/home/thanush/.config/Code - OSS/User/workspaceStorage/1b31441799743cd43ac8a036bafe493e/mongodb.mongodb-vscode',
    globalStoragePath: '/home/thanush/.config/Code - OSS/User/globalStorage/mongodb.mongodb-vscode',
    defaultConnectionSavingLocation: 'Global',
    buildInfo: {
      nodeVersion: 'v20.9.0',
      runtimePlatform: 'linux',
      runtimeArch: 'x64'
    }
  }
]

2024-06-27 16:16:23.216 [info] 2024-06-27T10:46:22.948Z telemetry INFO  SegmentKey was found [ { type: 'string' } ]

2024-06-27 16:16:23.216 [info] 2024-06-27T10:46:22.949Z language server controller INFO  Creating MongoDB Language Server... [
  {
    extensionPath: '/home/thanush/.vscode-oss/extensions/mongodb.mongodb-vscode-1.6.0-universal',
    languageServer: {
      id: 'mongodbLanguageServer',
      name: 'MongoDB Language Server',
      path: '/home/thanush/.vscode-oss/extensions/mongodb.mongodb-vscode-1.6.0-universal/dist/languageServer.js',
      documentSelector: '[{"pattern":"**/*.mongodb.js"},{"pattern":"**/*.mongodb"}]'
    }
  }
]

2024-06-27 16:16:23.216 [info] 2024-06-27T10:46:22.957Z telemetry INFO  Segment analytics activated [ { anonymousId: '921b8bdc-65bf-49cc-af5f-a9954323bd6b' } ]

2024-06-27 16:16:23.216 [info] 2024-06-27T10:46:22.957Z language server controller INFO  Starting the language server... []

2024-06-27 16:16:23.679 [info] 2024-06-27T10:46:23.678Z language server controller INFO  MongoDBService initialized. Sending default settings... {"extensionPath":"/home/thanush/.vscode-oss/extensions/mongodb.mongodb-vscode-1.6.0-universal","connectionId":null,"hasConnectionString":false,"hasConnectionOptions":false} []

