2024-06-27 16:16:23.387 [info] Log level: Info
2024-06-27 16:16:23.387 [info] Validating found git in: "git"
2024-06-27 16:16:23.387 [info] Using git "2.45.2" from "git"
2024-06-27 16:16:23.387 [info] > git rev-parse --show-toplevel [4ms]
2024-06-27 16:16:23.387 [info] fatal: detected dubious ownership in repository at '/home/thanush/data/Web Technology/WT Project/E-learning/e-learning'
To add an exception for this directory, call:

	git config --global --add safe.directory '/home/thanush/data/Web Technology/WT Project/E-learning/e-learning'
2024-06-27 16:16:23.388 [info] > git rev-parse --show-toplevel [4ms]
2024-06-27 16:16:23.388 [info] fatal: detected dubious ownership in repository at '/home/thanush/data/Web Technology/WT Project/E-learning/e-learning'
To add an exception for this directory, call:

	git config --global --add safe.directory '/home/thanush/data/Web Technology/WT Project/E-learning/e-learning'
2024-06-27 16:16:23.413 [info] > git rev-parse --show-toplevel [5ms]
2024-06-27 16:16:23.413 [info] fatal: detected dubious ownership in repository at '/home/thanush/data/Web Technology/WT Project/E-learning/e-learning'
To add an exception for this directory, call:

	git config --global --add safe.directory '/home/thanush/data/Web Technology/WT Project/E-learning/e-learning'
2024-06-27 16:16:23.444 [info] > git rev-parse --show-toplevel [17ms]
2024-06-27 16:16:23.444 [info] fatal: detected dubious ownership in repository at '/home/thanush/data/Web Technology/WT Project/E-learning/e-learning'
To add an exception for this directory, call:

	git config --global --add safe.directory '/home/thanush/data/Web Technology/WT Project/E-learning/e-learning'
2024-06-27 16:16:23.463 [info] > git rev-parse --show-toplevel [4ms]
2024-06-27 16:16:23.463 [info] fatal: detected dubious ownership in repository at '/home/thanush/data/Web Technology/WT Project/E-learning/e-learning'
To add an exception for this directory, call:

	git config --global --add safe.directory '/home/thanush/data/Web Technology/WT Project/E-learning/e-learning'
2024-06-27 16:16:23.474 [info] > git rev-parse --show-toplevel [2ms]
2024-06-27 16:16:23.474 [info] fatal: detected dubious ownership in repository at '/home/thanush/data/Web Technology/WT Project/E-learning/e-learning'
To add an exception for this directory, call:

	git config --global --add safe.directory '/home/thanush/data/Web Technology/WT Project/E-learning/e-learning'
2024-06-27 16:16:23.487 [info] > git rev-parse --show-toplevel [4ms]
2024-06-27 16:16:23.487 [info] fatal: detected dubious ownership in repository at '/home/thanush/data/Web Technology/WT Project/E-learning/e-learning'
To add an exception for this directory, call:

	git config --global --add safe.directory '/home/thanush/data/Web Technology/WT Project/E-learning/e-learning'
2024-06-27 16:16:23.498 [info] > git rev-parse --show-toplevel [2ms]
2024-06-27 16:16:23.498 [info] fatal: detected dubious ownership in repository at '/home/thanush/data/Web Technology/WT Project/E-learning/e-learning'
To add an exception for this directory, call:

	git config --global --add safe.directory '/home/thanush/data/Web Technology/WT Project/E-learning/e-learning'
2024-06-27 16:16:24.064 [info] > git rev-parse --show-toplevel [7ms]
2024-06-27 16:16:24.064 [info] fatal: detected dubious ownership in repository at '/home/thanush/data/Web Technology/WT Project/E-learning/e-learning'
To add an exception for this directory, call:

	git config --global --add safe.directory '/home/thanush/data/Web Technology/WT Project/E-learning/e-learning'
2024-06-27 16:17:26.723 [info] > git rev-parse --show-toplevel [6ms]
2024-06-27 16:17:26.723 [info] fatal: detected dubious ownership in repository at '/home/thanush/data/Web Technology/WT Project/E-learning/e-learning'
To add an exception for this directory, call:

	git config --global --add safe.directory '/home/thanush/data/Web Technology/WT Project/E-learning/e-learning'
2024-06-27 16:19:11.703 [info] > git rev-parse --show-toplevel [2ms]
2024-06-27 16:19:11.703 [info] fatal: detected dubious ownership in repository at '/home/thanush/data/Web Technology/WT Project/E-learning/e-learning'
To add an exception for this directory, call:

	git config --global --add safe.directory '/home/thanush/data/Web Technology/WT Project/E-learning/e-learning'
2024-06-27 16:19:59.343 [info] > git rev-parse --show-toplevel [2ms]
2024-06-27 16:19:59.343 [info] fatal: detected dubious ownership in repository at '/home/thanush/data/Web Technology/WT Project/E-learning/e-learning'
To add an exception for this directory, call:

	git config --global --add safe.directory '/home/thanush/data/Web Technology/WT Project/E-learning/e-learning'
