2024-06-21 11:45:48.201 [info] Log level: Info
2024-06-21 11:45:48.201 [info] Validating found git in: "git"
2024-06-21 11:45:48.201 [info] Using git "2.45.2" from "git"
2024-06-21 11:45:48.201 [info] > git rev-parse --show-toplevel [6ms]
2024-06-21 11:45:48.201 [info] fatal: detected dubious ownership in repository at '/home/thanush/data/Web Technology/WT Project/E-learning/e-learning'
To add an exception for this directory, call:

	git config --global --add safe.directory '/home/thanush/data/Web Technology/WT Project/E-learning/e-learning'
2024-06-21 11:45:48.214 [info] > git rev-parse --show-toplevel [13ms]
2024-06-21 11:45:48.214 [info] fatal: detected dubious ownership in repository at '/home/thanush/data/Web Technology/WT Project/E-learning/e-learning'
To add an exception for this directory, call:

	git config --global --add safe.directory '/home/thanush/data/Web Technology/WT Project/E-learning/e-learning'
2024-06-21 11:45:48.226 [info] > git rev-parse --show-toplevel [3ms]
2024-06-21 11:45:48.226 [info] fatal: detected dubious ownership in repository at '/home/thanush/data/Web Technology/WT Project/E-learning/e-learning'
To add an exception for this directory, call:

	git config --global --add safe.directory '/home/thanush/data/Web Technology/WT Project/E-learning/e-learning'
2024-06-21 11:45:48.231 [info] > git rev-parse --show-toplevel [1ms]
2024-06-21 11:45:48.231 [info] fatal: detected dubious ownership in repository at '/home/thanush/data/Web Technology/WT Project/E-learning/e-learning'
To add an exception for this directory, call:

	git config --global --add safe.directory '/home/thanush/data/Web Technology/WT Project/E-learning/e-learning'
2024-06-21 11:45:48.235 [info] > git rev-parse --show-toplevel [1ms]
2024-06-21 11:45:48.235 [info] fatal: detected dubious ownership in repository at '/home/thanush/data/Web Technology/WT Project/E-learning/e-learning'
To add an exception for this directory, call:

	git config --global --add safe.directory '/home/thanush/data/Web Technology/WT Project/E-learning/e-learning'
2024-06-21 11:45:48.243 [info] > git rev-parse --show-toplevel [2ms]
2024-06-21 11:45:48.243 [info] fatal: detected dubious ownership in repository at '/home/thanush/data/Web Technology/WT Project/E-learning/e-learning'
To add an exception for this directory, call:

	git config --global --add safe.directory '/home/thanush/data/Web Technology/WT Project/E-learning/e-learning'
2024-06-21 11:45:48.247 [info] > git rev-parse --show-toplevel [1ms]
2024-06-21 11:45:48.247 [info] fatal: detected dubious ownership in repository at '/home/thanush/data/Web Technology/WT Project/E-learning/e-learning'
To add an exception for this directory, call:

	git config --global --add safe.directory '/home/thanush/data/Web Technology/WT Project/E-learning/e-learning'
2024-06-21 11:45:49.046 [info] > git rev-parse --show-toplevel [2ms]
2024-06-21 11:45:49.046 [info] fatal: detected dubious ownership in repository at '/home/thanush/data/Web Technology/WT Project/E-learning/e-learning'
To add an exception for this directory, call:

	git config --global --add safe.directory '/home/thanush/data/Web Technology/WT Project/E-learning/e-learning'
2024-06-21 11:45:49.665 [info] > git rev-parse --show-toplevel [1ms]
2024-06-21 11:45:49.666 [info] fatal: detected dubious ownership in repository at '/home/thanush/data/Web Technology/WT Project/E-learning/e-learning'
To add an exception for this directory, call:

	git config --global --add safe.directory '/home/thanush/data/Web Technology/WT Project/E-learning/e-learning'
2024-06-21 11:48:11.866 [info] > git rev-parse --show-toplevel [3ms]
2024-06-21 11:48:11.866 [info] fatal: detected dubious ownership in repository at '/home/thanush/data/Web Technology/WT Project/E-learning/e-learning'
To add an exception for this directory, call:

	git config --global --add safe.directory '/home/thanush/data/Web Technology/WT Project/E-learning/e-learning'
2024-06-21 11:48:13.744 [info] > git rev-parse --show-toplevel [2ms]
2024-06-21 11:48:13.744 [info] fatal: detected dubious ownership in repository at '/home/thanush/data/Web Technology/WT Project/E-learning/e-learning'
To add an exception for this directory, call:

	git config --global --add safe.directory '/home/thanush/data/Web Technology/WT Project/E-learning/e-learning'
2024-06-21 11:48:42.636 [info] > git rev-parse --show-toplevel [2ms]
2024-06-21 11:48:42.637 [info] fatal: detected dubious ownership in repository at '/home/thanush/data/Web Technology/WT Project/E-learning/e-learning'
To add an exception for this directory, call:

	git config --global --add safe.directory '/home/thanush/data/Web Technology/WT Project/E-learning/e-learning'
