2024-06-21 13:34:27.858 [info] Log level: Info
2024-06-21 13:34:27.858 [info] Validating found git in: "git"
2024-06-21 13:34:27.858 [info] Using git "2.45.2" from "git"
2024-06-21 13:34:27.858 [info] > git rev-parse --show-toplevel [10ms]
2024-06-21 13:34:27.858 [info] fatal: detected dubious ownership in repository at '/home/thanush/data/Web Technology/WT Project/E-learning/e-learning'
To add an exception for this directory, call:

	git config --global --add safe.directory '/home/thanush/data/Web Technology/WT Project/E-learning/e-learning'
2024-06-21 13:34:27.860 [info] > git rev-parse --show-toplevel [7ms]
2024-06-21 13:34:27.860 [info] fatal: detected dubious ownership in repository at '/home/thanush/data/Web Technology/WT Project/E-learning/e-learning'
To add an exception for this directory, call:

	git config --global --add safe.directory '/home/thanush/data/Web Technology/WT Project/E-learning/e-learning'
2024-06-21 13:34:27.886 [info] > git rev-parse --show-toplevel [12ms]
2024-06-21 13:34:27.886 [info] fatal: detected dubious ownership in repository at '/home/thanush/data/Web Technology/WT Project/E-learning/e-learning'
To add an exception for this directory, call:

	git config --global --add safe.directory '/home/thanush/data/Web Technology/WT Project/E-learning/e-learning'
2024-06-21 13:34:27.903 [info] > git rev-parse --show-toplevel [4ms]
2024-06-21 13:34:27.903 [info] fatal: detected dubious ownership in repository at '/home/thanush/data/Web Technology/WT Project/E-learning/e-learning'
To add an exception for this directory, call:

	git config --global --add safe.directory '/home/thanush/data/Web Technology/WT Project/E-learning/e-learning'
2024-06-21 13:34:27.921 [info] > git rev-parse --show-toplevel [10ms]
2024-06-21 13:34:27.921 [info] fatal: detected dubious ownership in repository at '/home/thanush/data/Web Technology/WT Project/E-learning/e-learning'
To add an exception for this directory, call:

	git config --global --add safe.directory '/home/thanush/data/Web Technology/WT Project/E-learning/e-learning'
2024-06-21 13:34:27.952 [info] > git rev-parse --show-toplevel [7ms]
2024-06-21 13:34:27.952 [info] fatal: detected dubious ownership in repository at '/home/thanush/data/Web Technology/WT Project/E-learning/e-learning'
To add an exception for this directory, call:

	git config --global --add safe.directory '/home/thanush/data/Web Technology/WT Project/E-learning/e-learning'
2024-06-21 13:34:27.989 [info] > git rev-parse --show-toplevel [16ms]
2024-06-21 13:34:27.989 [info] fatal: detected dubious ownership in repository at '/home/thanush/data/Web Technology/WT Project/E-learning/e-learning'
To add an exception for this directory, call:

	git config --global --add safe.directory '/home/thanush/data/Web Technology/WT Project/E-learning/e-learning'
2024-06-21 13:34:28.196 [info] > git rev-parse --show-toplevel [8ms]
2024-06-21 13:34:28.196 [info] fatal: detected dubious ownership in repository at '/home/thanush/data/Web Technology/WT Project/E-learning/e-learning'
To add an exception for this directory, call:

	git config --global --add safe.directory '/home/thanush/data/Web Technology/WT Project/E-learning/e-learning'
2024-06-21 13:34:28.327 [info] > git rev-parse --show-toplevel [5ms]
2024-06-21 13:34:28.327 [info] fatal: detected dubious ownership in repository at '/home/thanush/data/Web Technology/WT Project/E-learning/e-learning'
To add an exception for this directory, call:

	git config --global --add safe.directory '/home/thanush/data/Web Technology/WT Project/E-learning/e-learning'
2024-06-21 13:34:29.858 [info] > git rev-parse --show-toplevel [5ms]
2024-06-21 13:34:29.858 [info] fatal: detected dubious ownership in repository at '/home/thanush/data/Web Technology/WT Project/E-learning/e-learning'
To add an exception for this directory, call:

	git config --global --add safe.directory '/home/thanush/data/Web Technology/WT Project/E-learning/e-learning'
