2024-06-22 09:10:17.067 [info] Added views:workbench.panel.markers.view in workbench.panel.markers
2024-06-22 09:10:17.067 [info] Added views:workbench.panel.output in workbench.panel.output
2024-06-22 09:10:17.067 [info] Added views:terminal in terminal
2024-06-22 09:10:17.067 [info] Added views:outline in workbench.view.explorer
2024-06-22 09:10:17.067 [info] Added views:workbench.scm in workbench.view.scm
2024-06-22 09:10:17.067 [info] Added views:workbench.view.search in workbench.view.search
2024-06-22 09:10:17.067 [info] Added views:timeline in workbench.view.explorer
2024-06-22 09:10:17.067 [info] Added views:workbench.explorer.fileView in workbench.view.explorer
2024-06-22 09:10:17.736 [info] Added views:workbench.debug.welcome in workbench.view.debug
2024-06-22 09:10:18.203 [info] Added views:workbench.panel.repl.view in workbench.panel.repl
2024-06-22 09:10:20.178 [info] Added views:~remote.forwardedPorts in ~remote.forwardedPortsContainer
2024-06-22 09:24:26.505 [info] Added views:workbench.views.extensions.installed,workbench.views.extensions.popular,extensions.recommendedList in workbench.view.extensions
2024-06-22 09:24:26.508 [info] Removed views:workbench.views.extensions.popular from workbench.view.extensions
2024-06-22 09:24:26.942 [info] Added views:workbench.views.extensions.popular in workbench.view.extensions
2024-06-22 09:24:47.997 [info] Removed views:extensions.recommendedList,workbench.views.extensions.popular,workbench.views.extensions.installed from workbench.view.extensions
2024-06-22 09:24:48.013 [info] Added views:workbench.views.extensions.marketplace in workbench.view.extensions
2024-06-22 09:25:13.580 [info] Removed views:workbench.views.extensions.marketplace from workbench.view.extensions
2024-06-22 09:25:13.609 [info] Added views:workbench.views.extensions.installed,workbench.views.extensions.popular,extensions.recommendedList in workbench.view.extensions
2024-06-22 09:25:15.209 [info] Removed views:extensions.recommendedList,workbench.views.extensions.popular,workbench.views.extensions.installed from workbench.view.extensions
2024-06-22 09:25:15.226 [info] Added views:workbench.views.extensions.marketplace in workbench.view.extensions
2024-06-22 09:25:41.340 [info] Removed views:workbench.views.extensions.marketplace from workbench.view.extensions
2024-06-22 09:25:41.370 [info] Added views:workbench.views.extensions.installed,workbench.views.extensions.popular,extensions.recommendedList in workbench.view.extensions
2024-06-22 09:27:14.589 [info] Removed views:extensions.recommendedList,workbench.views.extensions.popular,workbench.views.extensions.installed from workbench.view.extensions
2024-06-22 09:27:14.605 [info] Added views:workbench.views.extensions.marketplace in workbench.view.extensions
2024-06-22 09:27:34.314 [info] Removed views:workbench.views.extensions.marketplace from workbench.view.extensions
2024-06-22 09:27:34.339 [info] Added views:workbench.views.extensions.installed,workbench.views.extensions.popular,extensions.recommendedList in workbench.view.extensions
2024-06-22 09:29:30.681 [info] Removed views:extensions.recommendedList,workbench.views.extensions.popular,workbench.views.extensions.installed from workbench.view.extensions
2024-06-22 09:29:30.698 [info] Added views:workbench.views.extensions.marketplace in workbench.view.extensions
2024-06-22 09:30:54.849 [info] Added views:mongoDBConnectionExplorer,mongoDBPlaygroundsExplorer,mongoDBHelpExplorer in workbench.view.extension.mongoDB
