2024-06-21 14:14:35.976 [info] Log level: Info
2024-06-21 14:14:35.976 [info] Validating found git in: "git"
2024-06-21 14:14:35.976 [info] Using git "2.45.2" from "git"
2024-06-21 14:14:35.976 [info] > git rev-parse --show-toplevel [11ms]
2024-06-21 14:14:35.976 [info] fatal: detected dubious ownership in repository at '/home/thanush/data/Web Technology/WT Project/E-learning/e-learning'
To add an exception for this directory, call:

	git config --global --add safe.directory '/home/thanush/data/Web Technology/WT Project/E-learning/e-learning'
2024-06-21 14:14:35.976 [info] > git rev-parse --show-toplevel [3ms]
2024-06-21 14:14:35.976 [info] fatal: detected dubious ownership in repository at '/home/thanush/data/Web Technology/WT Project/E-learning/e-learning'
To add an exception for this directory, call:

	git config --global --add safe.directory '/home/thanush/data/Web Technology/WT Project/E-learning/e-learning'
2024-06-21 14:14:35.993 [info] > git rev-parse --show-toplevel [9ms]
2024-06-21 14:14:35.993 [info] fatal: detected dubious ownership in repository at '/home/thanush/data/Web Technology/WT Project/E-learning/e-learning'
To add an exception for this directory, call:

	git config --global --add safe.directory '/home/thanush/data/Web Technology/WT Project/E-learning/e-learning'
2024-06-21 14:14:36.010 [info] > git rev-parse --show-toplevel [6ms]
2024-06-21 14:14:36.010 [info] fatal: detected dubious ownership in repository at '/home/thanush/data/Web Technology/WT Project/E-learning/e-learning'
To add an exception for this directory, call:

	git config --global --add safe.directory '/home/thanush/data/Web Technology/WT Project/E-learning/e-learning'
2024-06-21 14:14:36.037 [info] > git rev-parse --show-toplevel [6ms]
2024-06-21 14:14:36.037 [info] fatal: detected dubious ownership in repository at '/home/thanush/data/Web Technology/WT Project/E-learning/e-learning'
To add an exception for this directory, call:

	git config --global --add safe.directory '/home/thanush/data/Web Technology/WT Project/E-learning/e-learning'
2024-06-21 14:14:36.062 [info] > git rev-parse --show-toplevel [6ms]
2024-06-21 14:14:36.063 [info] fatal: detected dubious ownership in repository at '/home/thanush/data/Web Technology/WT Project/E-learning/e-learning'
To add an exception for this directory, call:

	git config --global --add safe.directory '/home/thanush/data/Web Technology/WT Project/E-learning/e-learning'
2024-06-21 14:14:36.078 [info] > git rev-parse --show-toplevel [4ms]
2024-06-21 14:14:36.078 [info] fatal: detected dubious ownership in repository at '/home/thanush/data/Web Technology/WT Project/E-learning/e-learning'
To add an exception for this directory, call:

	git config --global --add safe.directory '/home/thanush/data/Web Technology/WT Project/E-learning/e-learning'
2024-06-21 14:14:36.341 [info] > git rev-parse --show-toplevel [7ms]
2024-06-21 14:14:36.341 [info] fatal: detected dubious ownership in repository at '/home/thanush/data/Web Technology/WT Project/E-learning/e-learning'
To add an exception for this directory, call:

	git config --global --add safe.directory '/home/thanush/data/Web Technology/WT Project/E-learning/e-learning'
2024-06-21 14:14:36.715 [info] > git rev-parse --show-toplevel [4ms]
2024-06-21 14:14:36.715 [info] fatal: detected dubious ownership in repository at '/home/thanush/data/Web Technology/WT Project/E-learning/e-learning'
To add an exception for this directory, call:

	git config --global --add safe.directory '/home/thanush/data/Web Technology/WT Project/E-learning/e-learning'
2024-06-21 14:14:37.937 [info] > git rev-parse --show-toplevel [8ms]
2024-06-21 14:14:37.937 [info] fatal: detected dubious ownership in repository at '/home/thanush/data/Web Technology/WT Project/E-learning/e-learning'
To add an exception for this directory, call:

	git config --global --add safe.directory '/home/thanush/data/Web Technology/WT Project/E-learning/e-learning'
2024-06-21 15:34:33.916 [info] > git rev-parse --show-toplevel [2ms]
2024-06-21 15:34:33.916 [info] fatal: detected dubious ownership in repository at '/home/thanush/data/Web Technology/WT Project/E-learning/e-learning'
To add an exception for this directory, call:

	git config --global --add safe.directory '/home/thanush/data/Web Technology/WT Project/E-learning/e-learning'
2024-06-21 15:34:47.229 [info] > git rev-parse --show-toplevel [1ms]
2024-06-21 15:34:47.229 [info] fatal: detected dubious ownership in repository at '/home/thanush/data/Web Technology/WT Project/E-learning/e-learning'
To add an exception for this directory, call:

	git config --global --add safe.directory '/home/thanush/data/Web Technology/WT Project/E-learning/e-learning'
