2024-06-21 13:36:21.596 [info] Log level: Info
2024-06-21 13:36:21.596 [info] Validating found git in: "git"
2024-06-21 13:36:21.596 [info] Using git "2.45.2" from "git"
2024-06-21 13:36:21.596 [info] > git rev-parse --show-toplevel [20ms]
2024-06-21 13:36:21.596 [info] fatal: detected dubious ownership in repository at '/home/thanush/data/Web Technology/WT Project/E-learning/e-learning'
To add an exception for this directory, call:

	git config --global --add safe.directory '/home/thanush/data/Web Technology/WT Project/E-learning/e-learning'
2024-06-21 13:36:21.596 [info] > git rev-parse --show-toplevel [18ms]
2024-06-21 13:36:21.596 [info] fatal: detected dubious ownership in repository at '/home/thanush/data/Web Technology/WT Project/E-learning/e-learning'
To add an exception for this directory, call:

	git config --global --add safe.directory '/home/thanush/data/Web Technology/WT Project/E-learning/e-learning'
2024-06-21 13:36:21.619 [info] > git rev-parse --show-toplevel [4ms]
2024-06-21 13:36:21.620 [info] fatal: detected dubious ownership in repository at '/home/thanush/data/Web Technology/WT Project/E-learning/e-learning'
To add an exception for this directory, call:

	git config --global --add safe.directory '/home/thanush/data/Web Technology/WT Project/E-learning/e-learning'
2024-06-21 13:36:21.638 [info] > git rev-parse --show-toplevel [4ms]
2024-06-21 13:36:21.638 [info] fatal: detected dubious ownership in repository at '/home/thanush/data/Web Technology/WT Project/E-learning/e-learning'
To add an exception for this directory, call:

	git config --global --add safe.directory '/home/thanush/data/Web Technology/WT Project/E-learning/e-learning'
2024-06-21 13:36:21.660 [info] > git rev-parse --show-toplevel [4ms]
2024-06-21 13:36:21.660 [info] fatal: detected dubious ownership in repository at '/home/thanush/data/Web Technology/WT Project/E-learning/e-learning'
To add an exception for this directory, call:

	git config --global --add safe.directory '/home/thanush/data/Web Technology/WT Project/E-learning/e-learning'
2024-06-21 13:36:21.686 [info] > git rev-parse --show-toplevel [10ms]
2024-06-21 13:36:21.686 [info] fatal: detected dubious ownership in repository at '/home/thanush/data/Web Technology/WT Project/E-learning/e-learning'
To add an exception for this directory, call:

	git config --global --add safe.directory '/home/thanush/data/Web Technology/WT Project/E-learning/e-learning'
2024-06-21 13:36:21.713 [info] > git rev-parse --show-toplevel [4ms]
2024-06-21 13:36:21.713 [info] fatal: detected dubious ownership in repository at '/home/thanush/data/Web Technology/WT Project/E-learning/e-learning'
To add an exception for this directory, call:

	git config --global --add safe.directory '/home/thanush/data/Web Technology/WT Project/E-learning/e-learning'
2024-06-21 13:36:21.777 [info] > git rev-parse --show-toplevel [18ms]
2024-06-21 13:36:21.777 [info] fatal: detected dubious ownership in repository at '/home/thanush/data/Web Technology/WT Project/E-learning/e-learning'
To add an exception for this directory, call:

	git config --global --add safe.directory '/home/thanush/data/Web Technology/WT Project/E-learning/e-learning'
2024-06-21 13:36:22.021 [info] > git rev-parse --show-toplevel [13ms]
2024-06-21 13:36:22.021 [info] fatal: detected dubious ownership in repository at '/home/thanush/data/Web Technology/WT Project/E-learning/e-learning'
To add an exception for this directory, call:

	git config --global --add safe.directory '/home/thanush/data/Web Technology/WT Project/E-learning/e-learning'
2024-06-21 13:36:22.045 [info] > git rev-parse --show-toplevel [6ms]
2024-06-21 13:36:22.045 [info] fatal: detected dubious ownership in repository at '/home/thanush/data/Web Technology/WT Project/E-learning/e-learning'
To add an exception for this directory, call:

	git config --global --add safe.directory '/home/thanush/data/Web Technology/WT Project/E-learning/e-learning'
2024-06-21 13:36:23.320 [info] > git rev-parse --show-toplevel [10ms]
2024-06-21 13:36:23.320 [info] fatal: detected dubious ownership in repository at '/home/thanush/data/Web Technology/WT Project/E-learning/e-learning'
To add an exception for this directory, call:

	git config --global --add safe.directory '/home/thanush/data/Web Technology/WT Project/E-learning/e-learning'
