2024-06-21 13:26:04.656 [info] Log level: Info
2024-06-21 13:26:04.656 [info] Validating found git in: "git"
2024-06-21 13:26:04.656 [info] Using git "2.45.2" from "git"
2024-06-21 13:26:04.656 [info] > git rev-parse --show-toplevel [10ms]
2024-06-21 13:26:04.656 [info] fatal: detected dubious ownership in repository at '/home/thanush/data/Web Technology/WT Project/E-learning/e-learning'
To add an exception for this directory, call:

	git config --global --add safe.directory '/home/thanush/data/Web Technology/WT Project/E-learning/e-learning'
2024-06-21 13:26:04.658 [info] > git rev-parse --show-toplevel [2ms]
2024-06-21 13:26:04.658 [info] fatal: detected dubious ownership in repository at '/home/thanush/data/Web Technology/WT Project/E-learning/e-learning'
To add an exception for this directory, call:

	git config --global --add safe.directory '/home/thanush/data/Web Technology/WT Project/E-learning/e-learning'
2024-06-21 13:26:04.667 [info] > git rev-parse --show-toplevel [3ms]
2024-06-21 13:26:04.667 [info] fatal: detected dubious ownership in repository at '/home/thanush/data/Web Technology/WT Project/E-learning/e-learning'
To add an exception for this directory, call:

	git config --global --add safe.directory '/home/thanush/data/Web Technology/WT Project/E-learning/e-learning'
2024-06-21 13:26:04.677 [info] > git rev-parse --show-toplevel [3ms]
2024-06-21 13:26:04.677 [info] fatal: detected dubious ownership in repository at '/home/thanush/data/Web Technology/WT Project/E-learning/e-learning'
To add an exception for this directory, call:

	git config --global --add safe.directory '/home/thanush/data/Web Technology/WT Project/E-learning/e-learning'
2024-06-21 13:26:04.688 [info] > git rev-parse --show-toplevel [2ms]
2024-06-21 13:26:04.688 [info] fatal: detected dubious ownership in repository at '/home/thanush/data/Web Technology/WT Project/E-learning/e-learning'
To add an exception for this directory, call:

	git config --global --add safe.directory '/home/thanush/data/Web Technology/WT Project/E-learning/e-learning'
2024-06-21 13:26:04.703 [info] > git rev-parse --show-toplevel [6ms]
2024-06-21 13:26:04.703 [info] fatal: detected dubious ownership in repository at '/home/thanush/data/Web Technology/WT Project/E-learning/e-learning'
To add an exception for this directory, call:

	git config --global --add safe.directory '/home/thanush/data/Web Technology/WT Project/E-learning/e-learning'
2024-06-21 13:26:04.716 [info] > git rev-parse --show-toplevel [3ms]
2024-06-21 13:26:04.716 [info] fatal: detected dubious ownership in repository at '/home/thanush/data/Web Technology/WT Project/E-learning/e-learning'
To add an exception for this directory, call:

	git config --global --add safe.directory '/home/thanush/data/Web Technology/WT Project/E-learning/e-learning'
2024-06-21 13:26:05.081 [info] > git rev-parse --show-toplevel [7ms]
2024-06-21 13:26:05.081 [info] fatal: detected dubious ownership in repository at '/home/thanush/data/Web Technology/WT Project/E-learning/e-learning'
To add an exception for this directory, call:

	git config --global --add safe.directory '/home/thanush/data/Web Technology/WT Project/E-learning/e-learning'
2024-06-21 13:26:05.394 [info] > git rev-parse --show-toplevel [4ms]
2024-06-21 13:26:05.394 [info] fatal: detected dubious ownership in repository at '/home/thanush/data/Web Technology/WT Project/E-learning/e-learning'
To add an exception for this directory, call:

	git config --global --add safe.directory '/home/thanush/data/Web Technology/WT Project/E-learning/e-learning'
2024-06-21 13:26:06.616 [info] > git rev-parse --show-toplevel [6ms]
2024-06-21 13:26:06.616 [info] fatal: detected dubious ownership in repository at '/home/thanush/data/Web Technology/WT Project/E-learning/e-learning'
To add an exception for this directory, call:

	git config --global --add safe.directory '/home/thanush/data/Web Technology/WT Project/E-learning/e-learning'
