2024-06-22 09:10:19.316 [info] Log level: Info
2024-06-22 09:10:19.316 [info] Validating found git in: "git"
2024-06-22 09:10:19.316 [info] Using git "2.45.2" from "git"
2024-06-22 09:10:19.316 [info] > git rev-parse --show-toplevel [3ms]
2024-06-22 09:10:19.316 [info] fatal: detected dubious ownership in repository at '/home/thanush/data/Web Technology/WT Project/E-learning/e-learning'
To add an exception for this directory, call:

	git config --global --add safe.directory '/home/thanush/data/Web Technology/WT Project/E-learning/e-learning'
2024-06-22 09:10:19.316 [info] > git rev-parse --show-toplevel [2ms]
2024-06-22 09:10:19.316 [info] fatal: detected dubious ownership in repository at '/home/thanush/data/Web Technology/WT Project/E-learning/e-learning'
To add an exception for this directory, call:

	git config --global --add safe.directory '/home/thanush/data/Web Technology/WT Project/E-learning/e-learning'
2024-06-22 09:10:19.316 [info] > git rev-parse --show-toplevel [2ms]
2024-06-22 09:10:19.316 [info] fatal: detected dubious ownership in repository at '/home/thanush/data/Web Technology/WT Project/E-learning/e-learning'
To add an exception for this directory, call:

	git config --global --add safe.directory '/home/thanush/data/Web Technology/WT Project/E-learning/e-learning'
2024-06-22 09:10:19.316 [info] > git rev-parse --show-toplevel [3ms]
2024-06-22 09:10:19.316 [info] fatal: detected dubious ownership in repository at '/home/thanush/data/Web Technology/WT Project/E-learning/e-learning'
To add an exception for this directory, call:

	git config --global --add safe.directory '/home/thanush/data/Web Technology/WT Project/E-learning/e-learning'
2024-06-22 09:10:19.316 [info] > git rev-parse --show-toplevel [5ms]
2024-06-22 09:10:19.316 [info] fatal: detected dubious ownership in repository at '/home/thanush/data/Web Technology/WT Project/E-learning/e-learning'
To add an exception for this directory, call:

	git config --global --add safe.directory '/home/thanush/data/Web Technology/WT Project/E-learning/e-learning'
2024-06-22 09:10:19.316 [info] > git rev-parse --show-toplevel [2ms]
2024-06-22 09:10:19.316 [info] fatal: detected dubious ownership in repository at '/home/thanush/data/Web Technology/WT Project/E-learning/e-learning'
To add an exception for this directory, call:

	git config --global --add safe.directory '/home/thanush/data/Web Technology/WT Project/E-learning/e-learning'
2024-06-22 09:10:19.316 [info] > git rev-parse --show-toplevel [3ms]
2024-06-22 09:10:19.316 [info] fatal: detected dubious ownership in repository at '/home/thanush/data/Web Technology/WT Project/E-learning/e-learning'
To add an exception for this directory, call:

	git config --global --add safe.directory '/home/thanush/data/Web Technology/WT Project/E-learning/e-learning'
2024-06-22 09:10:19.463 [info] > git rev-parse --show-toplevel [7ms]
2024-06-22 09:10:19.463 [info] fatal: detected dubious ownership in repository at '/home/thanush/data/Web Technology/WT Project/E-learning/e-learning'
To add an exception for this directory, call:

	git config --global --add safe.directory '/home/thanush/data/Web Technology/WT Project/E-learning/e-learning'
2024-06-22 09:10:19.653 [info] > git rev-parse --show-toplevel [14ms]
2024-06-22 09:10:19.653 [info] fatal: detected dubious ownership in repository at '/home/thanush/data/Web Technology/WT Project/E-learning/e-learning'
To add an exception for this directory, call:

	git config --global --add safe.directory '/home/thanush/data/Web Technology/WT Project/E-learning/e-learning'
2024-06-22 09:10:19.675 [info] > git rev-parse --show-toplevel [2ms]
2024-06-22 09:10:19.675 [info] fatal: detected dubious ownership in repository at '/home/thanush/data/Web Technology/WT Project/E-learning/e-learning'
To add an exception for this directory, call:

	git config --global --add safe.directory '/home/thanush/data/Web Technology/WT Project/E-learning/e-learning'
2024-06-22 09:10:20.730 [info] > git rev-parse --show-toplevel [3ms]
2024-06-22 09:10:20.730 [info] fatal: detected dubious ownership in repository at '/home/thanush/data/Web Technology/WT Project/E-learning/e-learning'
To add an exception for this directory, call:

	git config --global --add safe.directory '/home/thanush/data/Web Technology/WT Project/E-learning/e-learning'
2024-06-22 09:25:36.342 [info] > git rev-parse --show-toplevel [2ms]
2024-06-22 09:25:36.342 [info] fatal: detected dubious ownership in repository at '/home/thanush/data/Web Technology/WT Project/E-learning/e-learning'
To add an exception for this directory, call:

	git config --global --add safe.directory '/home/thanush/data/Web Technology/WT Project/E-learning/e-learning'
2024-06-22 09:25:42.257 [info] > git rev-parse --show-toplevel [4ms]
2024-06-22 09:25:42.258 [info] fatal: detected dubious ownership in repository at '/home/thanush/data/Web Technology/WT Project/E-learning/e-learning'
To add an exception for this directory, call:

	git config --global --add safe.directory '/home/thanush/data/Web Technology/WT Project/E-learning/e-learning'
2024-06-22 09:25:46.715 [info] > git rev-parse --show-toplevel [4ms]
2024-06-22 09:25:46.715 [info] fatal: detected dubious ownership in repository at '/home/thanush/data/Web Technology/WT Project/E-learning/e-learning'
To add an exception for this directory, call:

	git config --global --add safe.directory '/home/thanush/data/Web Technology/WT Project/E-learning/e-learning'
2024-06-22 09:29:58.479 [info] > git rev-parse --show-toplevel [3ms]
2024-06-22 09:29:58.479 [info] fatal: detected dubious ownership in repository at '/home/thanush/data/Web Technology/WT Project/E-learning/e-learning'
To add an exception for this directory, call:

	git config --global --add safe.directory '/home/thanush/data/Web Technology/WT Project/E-learning/e-learning'
2024-06-22 09:30:10.241 [info] > git rev-parse --show-toplevel [3ms]
2024-06-22 09:30:10.241 [info] fatal: detected dubious ownership in repository at '/home/thanush/data/Web Technology/WT Project/E-learning/e-learning'
To add an exception for this directory, call:

	git config --global --add safe.directory '/home/thanush/data/Web Technology/WT Project/E-learning/e-learning'
2024-06-22 09:30:12.642 [info] > git rev-parse --show-toplevel [4ms]
2024-06-22 09:30:12.642 [info] fatal: detected dubious ownership in repository at '/home/thanush/data/Web Technology/WT Project/E-learning/e-learning'
To add an exception for this directory, call:

	git config --global --add safe.directory '/home/thanush/data/Web Technology/WT Project/E-learning/e-learning'
2024-06-22 09:30:14.892 [info] > git rev-parse --show-toplevel [4ms]
2024-06-22 09:30:14.892 [info] fatal: detected dubious ownership in repository at '/home/thanush/data/Web Technology/WT Project/E-learning/e-learning'
To add an exception for this directory, call:

	git config --global --add safe.directory '/home/thanush/data/Web Technology/WT Project/E-learning/e-learning'
2024-06-22 09:30:20.485 [info] > git rev-parse --show-toplevel [2ms]
2024-06-22 09:30:20.485 [info] fatal: detected dubious ownership in repository at '/home/thanush/data/Web Technology/WT Project/E-learning/e-learning'
To add an exception for this directory, call:

	git config --global --add safe.directory '/home/thanush/data/Web Technology/WT Project/E-learning/e-learning'
2024-06-22 09:30:54.824 [info] > git rev-parse --show-toplevel [2ms]
2024-06-22 09:30:54.825 [info] fatal: detected dubious ownership in repository at '/home/thanush/data/Web Technology/WT Project/E-learning/e-learning'
To add an exception for this directory, call:

	git config --global --add safe.directory '/home/thanush/data/Web Technology/WT Project/E-learning/e-learning'
2024-06-22 09:31:03.290 [info] > git rev-parse --show-toplevel [3ms]
2024-06-22 09:31:03.290 [info] fatal: detected dubious ownership in repository at '/home/thanush/data/Web Technology/WT Project/E-learning/e-learning'
To add an exception for this directory, call:

	git config --global --add safe.directory '/home/thanush/data/Web Technology/WT Project/E-learning/e-learning'
